2023-05-23 22:05:312 INFO  HomePage :30 - Click on Login Button [[ChromeDriver: chrome on WINDOWS (e30074305a14c99517d215cede010cfa)] -> xpath: //button[normalize-space()='Customer Login']]
2023-05-23 22:05:738 INFO  HomePage :24 - Click on Login Button [[ChromeDriver: chrome on WINDOWS (647cbe35b9843bd0eab6615474bccf15)] -> xpath: //button[normalize-space()='Bank Manager Login']]
2023-05-23 22:05:346 INFO  BankManagerLoginPage :27 - Click on Add customer Button [[ChromeDriver: chrome on WINDOWS (647cbe35b9843bd0eab6615474bccf15)] -> xpath: //button[normalize-space()='Add Customer']]
2023-05-23 22:05:707 INFO  AddCustomerPage :33 - Send text to name field: [[ChromeDriver: chrome on WINDOWS (647cbe35b9843bd0eab6615474bccf15)] -> xpath: //input[@placeholder='First Name']]
2023-05-23 22:05:894 INFO  AddCustomerPage :39 - Send text to Lastname field: [[ChromeDriver: chrome on WINDOWS (647cbe35b9843bd0eab6615474bccf15)] -> xpath: //input[@placeholder='Last Name']]
2023-05-23 22:05:980 INFO  AddCustomerPage :45 - Send text to Postcode field: [[ChromeDriver: chrome on WINDOWS (647cbe35b9843bd0eab6615474bccf15)] -> xpath: //input[@placeholder='Post Code']]
2023-05-23 22:05:56 INFO  AddCustomerPage :50 - Click on add Customer Button [[ChromeDriver: chrome on WINDOWS (647cbe35b9843bd0eab6615474bccf15)] -> xpath: //button[@type='submit']]
2023-05-23 22:05:202 INFO  HomePage :24 - Click on Login Button [[ChromeDriver: chrome on WINDOWS (0f211f1187b78904b1d12e83363eb007)] -> xpath: //button[normalize-space()='Bank Manager Login']]
2023-05-23 22:05:642 INFO  BankManagerLoginPage :27 - Click on Add customer Button [[ChromeDriver: chrome on WINDOWS (0f211f1187b78904b1d12e83363eb007)] -> xpath: //button[normalize-space()='Add Customer']]
2023-05-23 22:05:97 INFO  AddCustomerPage :33 - Send text to name field: [[ChromeDriver: chrome on WINDOWS (0f211f1187b78904b1d12e83363eb007)] -> xpath: //input[@placeholder='First Name']]
2023-05-23 22:05:173 INFO  AddCustomerPage :39 - Send text to Lastname field: [[ChromeDriver: chrome on WINDOWS (0f211f1187b78904b1d12e83363eb007)] -> xpath: //input[@placeholder='Last Name']]
2023-05-23 22:05:287 INFO  AddCustomerPage :45 - Send text to Postcode field: [[ChromeDriver: chrome on WINDOWS (0f211f1187b78904b1d12e83363eb007)] -> xpath: //input[@placeholder='Post Code']]
2023-05-23 22:05:453 INFO  AddCustomerPage :50 - Click on add Customer Button [[ChromeDriver: chrome on WINDOWS (0f211f1187b78904b1d12e83363eb007)] -> xpath: //button[@type='submit']]
2023-05-23 22:05:863 INFO  HomePage :30 - Click on Login Button [[ChromeDriver: chrome on WINDOWS (3a92eae414d78502ea824ab7056d1bb9)] -> xpath: //button[normalize-space()='Bank Manager Login']]
2023-05-23 22:05:377 INFO  BankManagerLoginPage :31 - Click on Add customer Button [[ChromeDriver: chrome on WINDOWS (3a92eae414d78502ea824ab7056d1bb9)] -> xpath: //button[normalize-space()='Add Customer']]
2023-05-23 22:05:942 INFO  AddCustomerPage :37 - Send text to name field: [[ChromeDriver: chrome on WINDOWS (3a92eae414d78502ea824ab7056d1bb9)] -> xpath: //input[@placeholder='First Name']]
2023-05-23 22:05:28 INFO  AddCustomerPage :43 - Send text to Lastname field: [[ChromeDriver: chrome on WINDOWS (3a92eae414d78502ea824ab7056d1bb9)] -> xpath: //input[@placeholder='Last Name']]
2023-05-23 22:05:119 INFO  AddCustomerPage :49 - Send text to Postcode field: [[ChromeDriver: chrome on WINDOWS (3a92eae414d78502ea824ab7056d1bb9)] -> xpath: //input[@placeholder='Post Code']]
2023-05-23 22:05:201 INFO  AddCustomerPage :54 - Click on add Customer Button [[ChromeDriver: chrome on WINDOWS (3a92eae414d78502ea824ab7056d1bb9)] -> xpath: //button[@type='submit']]
2023-05-23 22:05:903 INFO  HomePage :36 - Click on Login Button [[ChromeDriver: chrome on WINDOWS (7c81ab5ad9e8cd2b5b5d5d6b700442cc)] -> xpath: //button[normalize-space()='Customer Login']]
2023-05-23 22:05:481 INFO  CustomerPage :31 - Select customer from dropdown [[ChromeDriver: chrome on WINDOWS (7c81ab5ad9e8cd2b5b5d5d6b700442cc)] -> css selector: #userSelect]
2023-05-23 22:05:570 INFO  CustomerPage :36 - Click on login button [[ChromeDriver: chrome on WINDOWS (7c81ab5ad9e8cd2b5b5d5d6b700442cc)] -> xpath: //button[@type='submit']]
2023-05-23 22:05:592 INFO  CustomerLoginPage :38 - Verify Text from Webpage
2023-05-23 22:05:418 INFO  CustomerLoginPage :44 - Verify Text from Webpage
2023-05-23 22:05:528 INFO  CustomerLoginPage :50 - Click on Login Button [[ChromeDriver: chrome on WINDOWS (7c81ab5ad9e8cd2b5b5d5d6b700442cc)] -> xpath: //button[@class='btn logout']]
2023-05-23 22:05:544 INFO  CustomerLoginPage :54 - Verify Text from Webpage
2023-05-23 22:05:95 INFO  HomePage :30 - Click on Login Button [[ChromeDriver: chrome on WINDOWS (66c583a553ceed43b9661e6cd63893b4)] -> xpath: //button[normalize-space()='Bank Manager Login']]
2023-05-23 22:05:502 INFO  BankManagerLoginPage :37 - Click on Open Account Button [[ChromeDriver: chrome on WINDOWS (66c583a553ceed43b9661e6cd63893b4)] -> xpath: //button[normalize-space()='Open Account']]
2023-05-23 22:05:971 INFO  OpenAccountPage :36 - Select customer from dropdown [[ChromeDriver: chrome on WINDOWS (66c583a553ceed43b9661e6cd63893b4)] -> css selector: #userSelect]
2023-05-23 22:05:97 INFO  OpenAccountPage :41 - Select currency from dropdown [[ChromeDriver: chrome on WINDOWS (66c583a553ceed43b9661e6cd63893b4)] -> css selector: #currency]
2023-05-23 22:05:198 INFO  OpenAccountPage :46 - Click on process button [[ChromeDriver: chrome on WINDOWS (66c583a553ceed43b9661e6cd63893b4)] -> xpath: //button[@type='submit']]
2023-05-23 22:05:619 INFO  HomePage :30 - Click on Login Button [[ChromeDriver: chrome on WINDOWS (5574b216acbb900a8cebf5b6d34ecb41)] -> xpath: //button[normalize-space()='Bank Manager Login']]
2023-05-23 22:05:222 INFO  BankManagerLoginPage :31 - Click on Add customer Button [[ChromeDriver: chrome on WINDOWS (5574b216acbb900a8cebf5b6d34ecb41)] -> xpath: //button[normalize-space()='Add Customer']]
2023-05-23 22:05:185 INFO  AddCustomerPage :37 - Send text to name field: [[ChromeDriver: chrome on WINDOWS (5574b216acbb900a8cebf5b6d34ecb41)] -> xpath: //input[@placeholder='First Name']]
2023-05-23 22:05:286 INFO  AddCustomerPage :43 - Send text to Lastname field: [[ChromeDriver: chrome on WINDOWS (5574b216acbb900a8cebf5b6d34ecb41)] -> xpath: //input[@placeholder='Last Name']]
2023-05-23 22:05:396 INFO  AddCustomerPage :49 - Send text to Postcode field: [[ChromeDriver: chrome on WINDOWS (5574b216acbb900a8cebf5b6d34ecb41)] -> xpath: //input[@placeholder='Post Code']]
2023-05-23 22:05:472 INFO  AddCustomerPage :54 - Click on add Customer Button [[ChromeDriver: chrome on WINDOWS (5574b216acbb900a8cebf5b6d34ecb41)] -> xpath: //button[@type='submit']]
2023-05-23 23:05:785 INFO  HomePage :37 - Clicking on bank manager login button : [[ChromeDriver: chrome on WINDOWS (36ad5e2b69ebbacfe9a47bf5b7bf97ad)] -> xpath: //button[normalize-space()='Bank Manager Login']]
2023-05-23 23:05:200 INFO  BankManagerLoginPage :42 - Clicking on open account tab : [[ChromeDriver: chrome on WINDOWS (36ad5e2b69ebbacfe9a47bf5b7bf97ad)] -> xpath: //button[normalize-space()='Open Account']]
2023-05-23 23:05:576 INFO  OpenAccountPage :47 - Selecting customer dropdown : [[[ChromeDriver: chrome on WINDOWS (36ad5e2b69ebbacfe9a47bf5b7bf97ad)] -> xpath: //form[@role='form']/child::div[1]/select/child::*], [[ChromeDriver: chrome on WINDOWS (36ad5e2b69ebbacfe9a47bf5b7bf97ad)] -> xpath: //form[@role='form']/child::div[1]/select/child::*], [[ChromeDriver: chrome on WINDOWS (36ad5e2b69ebbacfe9a47bf5b7bf97ad)] -> xpath: //form[@role='form']/child::div[1]/select/child::*], [[ChromeDriver: chrome on WINDOWS (36ad5e2b69ebbacfe9a47bf5b7bf97ad)] -> xpath: //form[@role='form']/child::div[1]/select/child::*], [[ChromeDriver: chrome on WINDOWS (36ad5e2b69ebbacfe9a47bf5b7bf97ad)] -> xpath: //form[@role='form']/child::div[1]/select/child::*], [[ChromeDriver: chrome on WINDOWS (36ad5e2b69ebbacfe9a47bf5b7bf97ad)] -> xpath: //form[@role='form']/child::div[1]/select/child::*]]
2023-05-23 23:05:756 INFO  OpenAccountPage :53 - Selecting currency dropdown : [[ChromeDriver: chrome on WINDOWS (36ad5e2b69ebbacfe9a47bf5b7bf97ad)] -> xpath: //select[@id='currency']]
2023-05-23 23:05:826 INFO  OpenAccountPage :59 - Clicking on process button: [[ChromeDriver: chrome on WINDOWS (36ad5e2b69ebbacfe9a47bf5b7bf97ad)] -> xpath: //button[normalize-space()='Process']]
2023-05-23 23:05:836 INFO  OpenAccountPage :65 - Getting message from pop up 
2023-05-23 23:05:866 INFO  AddCustomerPage :64 - Accepting alert 
2023-05-23 23:05:438 INFO  HomePage :37 - Clicking on bank manager login button : [[ChromeDriver: chrome on WINDOWS (c00cdcf0379d5f5d3ef21f3e826ab0c3)] -> xpath: //button[normalize-space()='Bank Manager Login']]
2023-05-23 23:05:986 INFO  BankManagerLoginPage :36 - Clicking on add customer tab : [[ChromeDriver: chrome on WINDOWS (c00cdcf0379d5f5d3ef21f3e826ab0c3)] -> xpath: //button[normalize-space()='Add Customer']]
2023-05-23 23:05:456 INFO  AddCustomerPage :38 - Entering first name : [[ChromeDriver: chrome on WINDOWS (c00cdcf0379d5f5d3ef21f3e826ab0c3)] -> xpath: //input[@placeholder='First Name']]
2023-05-23 23:05:524 INFO  AddCustomerPage :44 - Entering last name : [[ChromeDriver: chrome on WINDOWS (c00cdcf0379d5f5d3ef21f3e826ab0c3)] -> xpath: //input[@placeholder='Last Name']]
2023-05-23 23:05:602 INFO  AddCustomerPage :49 - Entering post code : [[ChromeDriver: chrome on WINDOWS (c00cdcf0379d5f5d3ef21f3e826ab0c3)] -> xpath: //input[@placeholder='Post Code']]
2023-05-23 23:05:688 INFO  AddCustomerPage :54 - Clicking on add to customer button : [[ChromeDriver: chrome on WINDOWS (c00cdcf0379d5f5d3ef21f3e826ab0c3)] -> xpath: //button[@type='submit']]
2023-05-23 23:05:694 INFO  AddCustomerPage :58 - Getting message from pop up
2023-05-23 23:05:717 INFO  AddCustomerPage :64 - Accepting alert 
2023-05-23 23:05:381 INFO  HomePage :37 - Clicking on bank manager login button : [[ChromeDriver: chrome on WINDOWS (97afa7450b7fd9425897f4f888551412)] -> xpath: //button[normalize-space()='Bank Manager Login']]
2023-05-23 23:05:685 INFO  BankManagerLoginPage :42 - Clicking on open account tab : [[ChromeDriver: chrome on WINDOWS (97afa7450b7fd9425897f4f888551412)] -> xpath: //button[normalize-space()='Open Account']]
2023-05-23 23:05:424 INFO  OpenAccountPage :47 - Selecting customer dropdown : [[[ChromeDriver: chrome on WINDOWS (97afa7450b7fd9425897f4f888551412)] -> xpath: //form[@role='form']/child::div[1]/select/child::*], [[ChromeDriver: chrome on WINDOWS (97afa7450b7fd9425897f4f888551412)] -> xpath: //form[@role='form']/child::div[1]/select/child::*], [[ChromeDriver: chrome on WINDOWS (97afa7450b7fd9425897f4f888551412)] -> xpath: //form[@role='form']/child::div[1]/select/child::*], [[ChromeDriver: chrome on WINDOWS (97afa7450b7fd9425897f4f888551412)] -> xpath: //form[@role='form']/child::div[1]/select/child::*], [[ChromeDriver: chrome on WINDOWS (97afa7450b7fd9425897f4f888551412)] -> xpath: //form[@role='form']/child::div[1]/select/child::*], [[ChromeDriver: chrome on WINDOWS (97afa7450b7fd9425897f4f888551412)] -> xpath: //form[@role='form']/child::div[1]/select/child::*]]
2023-05-23 23:05:594 INFO  OpenAccountPage :53 - Selecting currency dropdown : [[ChromeDriver: chrome on WINDOWS (97afa7450b7fd9425897f4f888551412)] -> xpath: //select[@id='currency']]
2023-05-23 23:05:661 INFO  OpenAccountPage :59 - Clicking on process button: [[ChromeDriver: chrome on WINDOWS (97afa7450b7fd9425897f4f888551412)] -> xpath: //button[normalize-space()='Process']]
2023-05-23 23:05:673 INFO  OpenAccountPage :65 - Getting message from pop up 
2023-05-23 23:05:696 INFO  AddCustomerPage :64 - Accepting alert 
2023-05-23 23:05:688 INFO  HomePage :31 - Clicking on customer login button : [[ChromeDriver: chrome on WINDOWS (715f01b16e940d7f5f1c7856a1c244d6)] -> xpath: //button[normalize-space()='Customer Login']]
2023-05-23 23:05:124 INFO  CustomersPage :37 - Clicking on name dropdown field : [[ChromeDriver: chrome on WINDOWS (715f01b16e940d7f5f1c7856a1c244d6)] -> id: userSelect]
2023-05-23 23:05:228 INFO  CustomersPage :39 - Selecting name : [[[ChromeDriver: chrome on WINDOWS (715f01b16e940d7f5f1c7856a1c244d6)] -> xpath: //select[@name='userSelect']/child::*], [[ChromeDriver: chrome on WINDOWS (715f01b16e940d7f5f1c7856a1c244d6)] -> xpath: //select[@name='userSelect']/child::*], [[ChromeDriver: chrome on WINDOWS (715f01b16e940d7f5f1c7856a1c244d6)] -> xpath: //select[@name='userSelect']/child::*], [[ChromeDriver: chrome on WINDOWS (715f01b16e940d7f5f1c7856a1c244d6)] -> xpath: //select[@name='userSelect']/child::*], [[ChromeDriver: chrome on WINDOWS (715f01b16e940d7f5f1c7856a1c244d6)] -> xpath: //select[@name='userSelect']/child::*], [[ChromeDriver: chrome on WINDOWS (715f01b16e940d7f5f1c7856a1c244d6)] -> xpath: //select[@name='userSelect']/child::*]]
2023-05-23 23:05:334 INFO  CustomersPage :44 - Clicking on login button : [[ChromeDriver: chrome on WINDOWS (715f01b16e940d7f5f1c7856a1c244d6)] -> xpath: //button[normalize-space()='Login']]
2023-05-23 23:05:616 INFO  CustomerLoginPage :32 - Clicking on logout button : [[ChromeDriver: chrome on WINDOWS (715f01b16e940d7f5f1c7856a1c244d6)] -> xpath: //button[contains(text(),'Logout')]]
2023-05-23 23:05:644 INFO  CustomerLoginPage :37 - Getting name text : [[ChromeDriver: chrome on WINDOWS (715f01b16e940d7f5f1c7856a1c244d6)] -> xpath: //label[text()='Your Name :']]
2023-05-23 23:05:16 INFO  HomePage :31 - Clicking on customer login button : [[ChromeDriver: chrome on WINDOWS (38f4726d21968302b6697d62fd8de54b)] -> xpath: //button[normalize-space()='Customer Login']]
2023-05-23 23:05:358 INFO  CustomersPage :37 - Clicking on name dropdown field : [[ChromeDriver: chrome on WINDOWS (38f4726d21968302b6697d62fd8de54b)] -> id: userSelect]
2023-05-23 23:05:453 INFO  CustomersPage :39 - Selecting name : [[[ChromeDriver: chrome on WINDOWS (38f4726d21968302b6697d62fd8de54b)] -> xpath: //select[@name='userSelect']/child::*], [[ChromeDriver: chrome on WINDOWS (38f4726d21968302b6697d62fd8de54b)] -> xpath: //select[@name='userSelect']/child::*], [[ChromeDriver: chrome on WINDOWS (38f4726d21968302b6697d62fd8de54b)] -> xpath: //select[@name='userSelect']/child::*], [[ChromeDriver: chrome on WINDOWS (38f4726d21968302b6697d62fd8de54b)] -> xpath: //select[@name='userSelect']/child::*], [[ChromeDriver: chrome on WINDOWS (38f4726d21968302b6697d62fd8de54b)] -> xpath: //select[@name='userSelect']/child::*], [[ChromeDriver: chrome on WINDOWS (38f4726d21968302b6697d62fd8de54b)] -> xpath: //select[@name='userSelect']/child::*]]
2023-05-23 23:05:545 INFO  CustomersPage :44 - Clicking on login button : [[ChromeDriver: chrome on WINDOWS (38f4726d21968302b6697d62fd8de54b)] -> xpath: //button[normalize-space()='Login']]
2023-05-23 23:05:860 INFO  AccountPage :65 - Clicking on deposit tab : [[ChromeDriver: chrome on WINDOWS (38f4726d21968302b6697d62fd8de54b)] -> xpath: //button[contains(text(),'Deposit')]]
2023-05-23 23:05:196 INFO  AccountPage :77 - Entering deposit amount : [[ChromeDriver: chrome on WINDOWS (38f4726d21968302b6697d62fd8de54b)] -> xpath: //input[@type='number']]
2023-05-23 23:05:255 INFO  AccountPage :82 - Clicking on deposit button : [[ChromeDriver: chrome on WINDOWS (38f4726d21968302b6697d62fd8de54b)] -> xpath: //button[@type='submit']]
2023-05-23 23:05:280 INFO  AccountPage :86 - Getting deposited message : [[ChromeDriver: chrome on WINDOWS (38f4726d21968302b6697d62fd8de54b)] -> xpath: //span[contains(text(),'Deposit Successful')]]
2023-05-23 23:05:470 INFO  HomePage :31 - Clicking on customer login button : [[ChromeDriver: chrome on WINDOWS (a42d73250a65b7e9244a38065c0cb712)] -> xpath: //button[normalize-space()='Customer Login']]
2023-05-23 23:05:893 INFO  CustomersPage :37 - Clicking on name dropdown field : [[ChromeDriver: chrome on WINDOWS (a42d73250a65b7e9244a38065c0cb712)] -> id: userSelect]
2023-05-23 23:05:01 INFO  CustomersPage :39 - Selecting name : [[[ChromeDriver: chrome on WINDOWS (a42d73250a65b7e9244a38065c0cb712)] -> xpath: //select[@name='userSelect']/child::*], [[ChromeDriver: chrome on WINDOWS (a42d73250a65b7e9244a38065c0cb712)] -> xpath: //select[@name='userSelect']/child::*], [[ChromeDriver: chrome on WINDOWS (a42d73250a65b7e9244a38065c0cb712)] -> xpath: //select[@name='userSelect']/child::*], [[ChromeDriver: chrome on WINDOWS (a42d73250a65b7e9244a38065c0cb712)] -> xpath: //select[@name='userSelect']/child::*], [[ChromeDriver: chrome on WINDOWS (a42d73250a65b7e9244a38065c0cb712)] -> xpath: //select[@name='userSelect']/child::*], [[ChromeDriver: chrome on WINDOWS (a42d73250a65b7e9244a38065c0cb712)] -> xpath: //select[@name='userSelect']/child::*]]
2023-05-23 23:05:80 INFO  CustomersPage :44 - Clicking on login button : [[ChromeDriver: chrome on WINDOWS (a42d73250a65b7e9244a38065c0cb712)] -> xpath: //button[normalize-space()='Login']]
2023-05-23 23:05:459 INFO  AccountPage :71 - Clicking on withdrawal tab : [[ChromeDriver: chrome on WINDOWS (a42d73250a65b7e9244a38065c0cb712)] -> xpath: //button[contains(text(),'Withdrawl')]]
2023-05-23 23:05:781 INFO  AccountPage :92 - Entering amount to withdraw : [[ChromeDriver: chrome on WINDOWS (a42d73250a65b7e9244a38065c0cb712)] -> xpath: //input[@type='number']]
2023-05-23 23:05:842 INFO  AccountPage :97 - Clicking withdraw button : [[ChromeDriver: chrome on WINDOWS (a42d73250a65b7e9244a38065c0cb712)] -> xpath: //button[@type='submit']]
2023-05-23 23:05:868 INFO  AccountPage :101 - Getting transaction success message  : [[ChromeDriver: chrome on WINDOWS (a42d73250a65b7e9244a38065c0cb712)] -> xpath: //span[contains(text(),'Transaction successful')]]
